<?xml version="1.0" encoding="UTF-8"?>
<!-- Generated by org.testng.reporters.JUnitReportReporter -->
<testsuite hostname="DESKTOP-HJ8UUA1" failures="0" tests="3" name="test.com.Logout" time="80.481" errors="0" timestamp="2024-07-06T15:20:21 BDT" skipped="0">
  <testcase classname="test.com.Logout" name="yopmail" time="12.291"/>
  <system-out/>
  <testcase classname="test.com.Logout" name="login" time="60.292"/>
  <system-out/>
  <testcase classname="test.com.Logout" name="logout" time="7.898"/>
  <system-out/>
</testsuite> <!-- test.com.Logout -->
