<?xml version="1.0" encoding="UTF-8"?>
<!-- Generated by org.testng.reporters.JUnitReportReporter -->
<testsuite hostname="DESKTOP-HJ8UUA1" failures="0" tests="4" name="test.com.ForgotPassword" time="91.443" errors="0" timestamp="2024-07-06T16:42:55 BDT" skipped="0">
  <testcase classname="test.com.ForgotPassword" name="yopmail" time="12.834"/>
  <system-out/>
  <testcase classname="test.com.ForgotPassword" name="forgotpassword" time="22.446"/>
  <system-out/>
  <testcase classname="test.com.ForgotPassword" name="yopmail_getCode" time="49.612"/>
  <system-out/>
  <testcase classname="test.com.ForgotPassword" name="login" time="6.551"/>
  <system-out/>
</testsuite> <!-- test.com.ForgotPassword -->
