<?xml version="1.0" encoding="UTF-8"?>
<!-- Generated by org.testng.reporters.JUnitReportReporter -->
<testsuite hostname="DESKTOP-HJ8UUA1" failures="0" tests="3" name="test.com.Security_settings" time="148.565" errors="0" timestamp="2024-07-06T16:48:24 BDT" skipped="0">
  <testcase classname="test.com.Security_settings" name="yopmail" time="14.108"/>
  <system-out/>
  <testcase classname="test.com.Security_settings" name="login" time="17.418"/>
  <system-out/>
  <testcase classname="test.com.Security_settings" name="security" time="117.039"/>
  <system-out/>
</testsuite> <!-- test.com.Security_settings -->
