<?xml version="1.0" encoding="UTF-8"?>
<!-- Generated by org.testng.reporters.JUnitReportReporter -->
<testsuite hostname="DESKTOP-HJ8UUA1" failures="0" tests="4" name="test.com.Reset_password" time="97.905" errors="0" timestamp="2024-07-06T16:44:48 BDT" skipped="0">
  <testcase classname="test.com.Reset_password" name="yopmail" time="15.169"/>
  <system-out/>
  <testcase classname="test.com.Reset_password" name="login" time="15.942"/>
  <system-out/>
  <testcase classname="test.com.Reset_password" name="reset_password" time="21.462"/>
  <system-out/>
  <testcase classname="test.com.Reset_password" name="yopmail_getcode" time="45.332"/>
  <system-out/>
</testsuite> <!-- test.com.Reset_password -->
