<?xml version="1.0" encoding="UTF-8"?>
<!-- Generated by org.testng.reporters.JUnitReportReporter -->
<testsuite hostname="DESKTOP-HJ8UUA1" failures="0" tests="5" name="test.com.Two_FA_and_security_method" time="180.839" errors="0" timestamp="2024-07-06T16:51:56 BDT" skipped="0">
  <testcase classname="test.com.Two_FA_and_security_method" name="yopmail" time="12.915"/>
  <system-out/>
  <testcase classname="test.com.Two_FA_and_security_method" name="login" time="43.480"/>
  <system-out/>
  <testcase classname="test.com.Two_FA_and_security_method" name="security_question" time="51.847"/>
  <system-out/>
  <testcase classname="test.com.Two_FA_and_security_method" name="security_method" time="18.739"/>
  <system-out/>
  <testcase classname="test.com.Two_FA_and_security_method" name="new_yopmail" time="53.858"/>
  <system-out/>
</testsuite> <!-- test.com.Two_FA_and_security_method -->
