<?xml version="1.0" encoding="UTF-8"?>
<!-- Generated by org.testng.reporters.JUnitReportReporter -->
<testsuite hostname="DESKTOP-HJ8UUA1" failures="0" tests="1" name="test.com.Login" time="17.933" errors="0" timestamp="2024-07-06T16:41:14 BDT" skipped="0">
  <testcase classname="test.com.Login" name="login" time="17.933"/>
  <system-out/>
</testsuite> <!-- test.com.Login -->
